<?xml version="1.0" encoding="UTF-8"?>
<!-- Generated by org.testng.reporters.JUnitReportReporter -->
<testsuite hostname="DESKTOP-JV1I1EE" failures="0" tests="1" name="tests.Withdraw_from_Account_Test" time="41.456" errors="0" timestamp="2023-12-12T09:10:05 IST" skipped="0">
  <testcase classname="tests.Withdraw_from_Account_Test" name="testwithdraw" time="41.456"/>
  <system-out/>
</testsuite> <!-- tests.Withdraw_from_Account_Test -->
