<?xml version="1.0" encoding="UTF-8"?>
<!-- Generated by org.testng.reporters.JUnitReportReporter -->
<testsuite hostname="DESKTOP-JV1I1EE" failures="0" tests="1" name="tests.Search_TRN_View_Saving_Test" time="15.264" errors="0" timestamp="2023-12-12T09:10:05 IST" skipped="0">
  <testcase classname="tests.Search_TRN_View_Saving_Test" name="testSearchTRN" time="15.264"/>
  <system-out/>
</testsuite> <!-- tests.Search_TRN_View_Saving_Test -->
